<?xml version="1.0" encoding="UTF-8"?>
<!-- Generated by org.testng.reporters.JUnitReportReporter -->
<testsuite hostname="RajeshDeepa" failures="0" tests="10" name="Maven_Project.Qafox_Page" time="411.464" errors="0" timestamp="2024-09-29T16:29:41 IST" skipped="0">
  <testcase classname="Maven_Project.Qafox_Page" name="AccountPage" time="14.042"/>
  <testcase classname="Maven_Project.Qafox_Page" name="AddressPage" time="30.680"/>
  <testcase classname="Maven_Project.Qafox_Page" name="SearchPage" time="8.861"/>
  <testcase classname="Maven_Project.Qafox_Page" name="ProductPageOne" time="40.148"/>
  <testcase classname="Maven_Project.Qafox_Page" name="ProductPageTwo" time="36.968"/>
  <testcase classname="Maven_Project.Qafox_Page" name="ProductPageThree" time="29.399"/>
  <testcase classname="Maven_Project.Qafox_Page" name="WishListPage" time="118.124"/>
  <testcase classname="Maven_Project.Qafox_Page" name="ComparePage" time="54.346"/>
  <testcase classname="Maven_Project.Qafox_Page" name="CartPage" time="50.015"/>
  <testcase classname="Maven_Project.Qafox_Page" name="ChechkOutPage" time="28.881"/>
</testsuite> <!-- Maven_Project.Qafox_Page -->
